<?xml version="1.0" encoding="UTF-8"?>
<testsuite xmlns:xsi="http://www.w3.org/2001/XMLSchema-instance" xsi:noNamespaceSchemaLocation="https://maven.apache.org/surefire/maven-surefire-plugin/xsd/surefire-test-report-3.0.xsd" version="3.0" name="TestSuite" time="114.417" tests="9" errors="0" skipped="7" failures="1">
  <properties>
[...]
</properties>
  <testcase name="bookChairs" classname="springtek.kid.pkg.KidsTest" time="25.68">
    <system-out><![CDATA[[TestNGContentHandler] [WARN] It is strongly recommended to add "<!DOCTYPE suite SYSTEM "https://testng.org/testng-1.0.dtd" >" at the top of the suite file [F:\Code_Projects\springsecurity\SpringtekMavenTestNG\src\test\java\springtek\kid\pkg\kidstest.xml] otherwise TestNG may fail or not work as expected.
I am in before class
Testcase starting
Row size 3
]]></system-out>
    <system-err><![CDATA[SLF4J: Failed to load class "org.slf4j.impl.StaticLoggerBinder".
SLF4J: Defaulting to no-operation (NOP) logger implementation
SLF4J: See http://www.slf4j.org/codes.html#StaticLoggerBinder for further details.
ERROR StatusLogger Log4j2 could not find a logging implementation. Please add log4j-core to the classpath. Using SimpleLogger to log to the console...
1659529220412	geckodriver	INFO	Listening on 127.0.0.1:49866
1659529233802	mozrunner::runner	INFO	Running command: "C:\\Program Files\\Mozilla Firefox\\firefox.exe" "--marionette" "--remote-debugging-port" "61713" "--remote-allow-hosts" "localhost" "--remote-allow-origins" "http://localhost:61713/" "-no-remote" "-profile" "C:\\Users\\Lenovo\\AppData\\Local\\Temp\\rust_mozprofilelLiu7L"
1659529234107	Marionette	INFO	Marionette enabled
1659529234111	Marionette	INFO	Listening on port 63052
WebDriver BiDi listening on ws://localhost:61713
Read port: 63052
1659529234230	RemoteAgent	WARN	TLS certificate errors will be ignored for this session
console.warn: SearchSettings: "get: No settings file exists, new profile?" (new NotFoundError("Could not open the file at C:\\Users\\Lenovo\\AppData\\Local\\Temp\\rust_mozprofilelLiu7L\\search.json.mozlz4", (void 0)))
DevTools listening on ws://localhost:61713/devtools/browser/3529d551-89dc-4924-97a8-71ec3a6fdbb5
Aug 03, 2022 5:50:35 PM org.openqa.selenium.remote.ProtocolHandshake createSession
INFO: Detected upstream dialect: W3C
JavaScript error: resource://gre/modules/URIFixup.jsm, line 278: NS_ERROR_FAILURE: Should pass a non-null uri
JavaScript error: https://springtek.in/js/main.js?ver=1.0.0.2, line 17: TypeError: $(...).tooltip is not a function
JavaScript error: https://springtek.in/js/main.js?ver=1.0.0.2, line 17: TypeError: $(...).tooltip is not a function
JavaScript error: https://springtek.in/js/main.js?ver=1.0.0.2, line 17: TypeError: $(...).tooltip is not a function
console.warn: LoginRecipes: "getRecipes: falling back to a synchronous message for:" "https://springtek.in"
console.warn: LoginRecipes: "getRecipes: falling back to a synchronous message for:" "https://springtek.in"
JavaScript error: resource://gre/modules/LoginManagerParent.jsm, line 136: TypeError: gRecipeManager is null
console.warn: LoginRecipes: "getRecipes: falling back to a synchronous message for:" "https://springtek.in"
JavaScript error: resource://gre/modules/LoginManagerParent.jsm, line 136: TypeError: gRecipeManager is null
]]></system-err>
  </testcase>
  <testcase name="addToCart" classname="springtek.kid.pkg.KidsTest" time="73.195">
    <failure message="Element &lt;a id=&quot;btngotocheckout&quot; href=&quot;/checkout&quot;&gt; is not clickable at point (1350,524) because another element &lt;iframe id=&quot;w5br5ffs3dj41659529269167&quot; class=&quot;&quot; src=&quot;about:blank&quot;&gt; obscures it&#10;Build info: version: &apos;4.2.2&apos;, revision: &apos;683ccb65d6&apos;&#10;System info: host: &apos;LAPTOP-GO0JH4O6&apos;, ip: &apos;169.254.105.117&apos;, os.name: &apos;Windows 10&apos;, os.arch: &apos;amd64&apos;, os.version: &apos;10.0&apos;, java.version: &apos;1.8.0_202&apos;&#10;Driver info: org.openqa.selenium.firefox.FirefoxDriver&#10;Command: [d801830f-1f4c-4ca1-a293-7a975b3ef884, clickElement {id=12c4634a-d7b3-4c26-b830-d00a9efb4835}]&#10;Capabilities {acceptInsecureCerts: true, browserName: firefox, browserVersion: 103.0.1, moz:accessibilityChecks: false, moz:buildID: 20220729222726, moz:debuggerAddress: localhost:61713, moz:geckodriverVersion: 0.31.0, moz:headless: false, moz:platformVersion: 10.0, moz:processID: 20560, moz:profile: C:\Users\Lenovo\AppData\Loc..., moz:shutdownTimeout: 60000, moz:useNonSpecCompliantPointerOrigin: false, moz:webdriverClick: true, moz:windowless: false, pageLoadStrategy: normal, platformName: WINDOWS, proxy: Proxy(), se:cdp: ws://localhost:61713/devtoo..., se:cdpVersion: 85.0, setWindowRect: true, strictFileInteractability: false, timeouts: {implicit: 0, pageLoad: 300000, script: 30000}, unhandledPromptBehavior: dismiss and notify}&#10;Element: [[FirefoxDriver: firefox on WINDOWS (d801830f-1f4c-4ca1-a293-7a975b3ef884)] -&gt; id: btngotocheckout]&#10;Session ID: d801830f-1f4c-4ca1-a293-7a975b3ef884" type="org.openqa.selenium.ElementClickInterceptedException"><![CDATA[org.openqa.selenium.ElementClickInterceptedException: 
Element <a id="btngotocheckout" href="/checkout"> is not clickable at point (1350,524) because another element <iframe id="w5br5ffs3dj41659529269167" class="" src="about:blank"> obscures it
Build info: version: '4.2.2', revision: '683ccb65d6'
System info: host: 'LAPTOP-GO0JH4O6', ip: '169.254.105.117', os.name: 'Windows 10', os.arch: 'amd64', os.version: '10.0', java.version: '1.8.0_202'
Driver info: org.openqa.selenium.firefox.FirefoxDriver
Command: [d801830f-1f4c-4ca1-a293-7a975b3ef884, clickElement {id=12c4634a-d7b3-4c26-b830-d00a9efb4835}]
Capabilities {acceptInsecureCerts: true, browserName: firefox, browserVersion: 103.0.1, moz:accessibilityChecks: false, moz:buildID: 20220729222726, moz:debuggerAddress: localhost:61713, moz:geckodriverVersion: 0.31.0, moz:headless: false, moz:platformVersion: 10.0, moz:processID: 20560, moz:profile: C:\Users\Lenovo\AppData\Loc..., moz:shutdownTimeout: 60000, moz:useNonSpecCompliantPointerOrigin: false, moz:webdriverClick: true, moz:windowless: false, pageLoadStrategy: normal, platformName: WINDOWS, proxy: Proxy(), se:cdp: ws://localhost:61713/devtoo..., se:cdpVersion: 85.0, setWindowRect: true, strictFileInteractability: false, timeouts: {implicit: 0, pageLoad: 300000, script: 30000}, unhandledPromptBehavior: dismiss and notify}
Element: [[FirefoxDriver: firefox on WINDOWS (d801830f-1f4c-4ca1-a293-7a975b3ef884)] -> id: btngotocheckout]
Session ID: d801830f-1f4c-4ca1-a293-7a975b3ef884
	at sun.reflect.NativeConstructorAccessorImpl.newInstance0(Native Method)
	at sun.reflect.NativeConstructorAccessorImpl.newInstance(NativeConstructorAccessorImpl.java:62)
	at sun.reflect.DelegatingConstructorAccessorImpl.newInstance(DelegatingConstructorAccessorImpl.java:45)
	at java.lang.reflect.Constructor.newInstance(Constructor.java:423)
	at org.openqa.selenium.remote.codec.w3c.W3CHttpResponseCodec.createException(W3CHttpResponseCodec.java:200)
	at org.openqa.selenium.remote.codec.w3c.W3CHttpResponseCodec.decode(W3CHttpResponseCodec.java:133)
	at org.openqa.selenium.remote.codec.w3c.W3CHttpResponseCodec.decode(W3CHttpResponseCodec.java:53)
	at org.openqa.selenium.remote.HttpCommandExecutor.execute(HttpCommandExecutor.java:184)
	at org.openqa.selenium.remote.service.DriverCommandExecutor.invokeExecute(DriverCommandExecutor.java:167)
	at org.openqa.selenium.remote.service.DriverCommandExecutor.execute(DriverCommandExecutor.java:142)
	at org.openqa.selenium.remote.RemoteWebDriver.execute(RemoteWebDriver.java:588)
	at org.openqa.selenium.remote.RemoteWebElement.execute(RemoteWebElement.java:257)
	at org.openqa.selenium.remote.RemoteWebElement.click(RemoteWebElement.java:78)
	at spingtek.addtocart.AddToCart.addToCart(AddToCart.java:95)
	at springtek.kid.pkg.KidsTest.addToCart(KidsTest.java:154)
	at sun.reflect.NativeMethodAccessorImpl.invoke0(Native Method)
	at sun.reflect.NativeMethodAccessorImpl.invoke(NativeMethodAccessorImpl.java:62)
	at sun.reflect.DelegatingMethodAccessorImpl.invoke(DelegatingMethodAccessorImpl.java:43)
	at java.lang.reflect.Method.invoke(Method.java:498)
	at org.testng.internal.MethodInvocationHelper.invokeMethod(MethodInvocationHelper.java:133)
	at org.testng.internal.MethodInvocationHelper.invokeMethodConsideringTimeout(MethodInvocationHelper.java:62)
	at org.testng.internal.ConfigInvoker.invokeConfigurationMethod(ConfigInvoker.java:385)
	at org.testng.internal.ConfigInvoker.invokeConfigurations(ConfigInvoker.java:321)
	at org.testng.internal.TestInvoker.runConfigMethods(TestInvoker.java:700)
	at org.testng.internal.TestInvoker.runAfterGroupsConfigurations(TestInvoker.java:676)
	at org.testng.internal.TestInvoker.invokeMethod(TestInvoker.java:660)
	at org.testng.internal.TestInvoker.invokeTestMethod(TestInvoker.java:173)
	at org.testng.internal.MethodRunner.runInSequence(MethodRunner.java:46)
	at org.testng.internal.TestInvoker$MethodInvocationAgent.invoke(TestInvoker.java:824)
	at org.testng.internal.TestInvoker.invokeTestMethods(TestInvoker.java:146)
	at org.testng.internal.TestMethodWorker.invokeTestMethods(TestMethodWorker.java:146)
	at org.testng.internal.TestMethodWorker.run(TestMethodWorker.java:128)
	at java.util.ArrayList.forEach(ArrayList.java:1257)
	at org.testng.TestRunner.privateRun(TestRunner.java:794)
	at org.testng.TestRunner.run(TestRunner.java:596)
	at org.testng.SuiteRunner.runTest(SuiteRunner.java:377)
	at org.testng.SuiteRunner.runSequentially(SuiteRunner.java:371)
	at org.testng.SuiteRunner.privateRun(SuiteRunner.java:332)
	at org.testng.SuiteRunner.run(SuiteRunner.java:276)
	at org.testng.SuiteRunnerWorker.runSuite(SuiteRunnerWorker.java:53)
	at org.testng.SuiteRunnerWorker.run(SuiteRunnerWorker.java:96)
	at org.testng.TestNG.runSuitesSequentially(TestNG.java:1212)
	at org.testng.TestNG.runSuitesLocally(TestNG.java:1134)
	at org.testng.TestNG.runSuites(TestNG.java:1063)
	at org.testng.TestNG.run(TestNG.java:1031)
	at org.apache.maven.surefire.testng.TestNGExecutor.run(TestNGExecutor.java:324)
	at org.apache.maven.surefire.testng.TestNGXmlTestSuite.execute(TestNGXmlTestSuite.java:74)
	at org.apache.maven.surefire.testng.TestNGProvider.invoke(TestNGProvider.java:123)
	at org.apache.maven.surefire.booter.ForkedBooter.runSuitesInProcess(ForkedBooter.java:456)
	at org.apache.maven.surefire.booter.ForkedBooter.execute(ForkedBooter.java:169)
	at org.apache.maven.surefire.booter.ForkedBooter.run(ForkedBooter.java:595)
	at org.apache.maven.surefire.booter.ForkedBooter.main(ForkedBooter.java:581)
]]></failure>
    <system-out><![CDATA[Product Name,Quantity Not there :
No of coupons are : 3
 coupon = DREAM60
Please enter correct coupon code
 coupon = abcd
Please enter correct coupon code
 coupon = RAKHI60
Coupon ( RAKHI60 ) Applied Successfully.
]]></system-out>
    <system-err><![CDATA[JavaScript error: https://springtek.in/js/main.js?ver=1.0.0.2, line 17: TypeError: $(...).tooltip is not a function
]]></system-err>
  </testcase>
  <testcase name="addToCart" classname="springtek.kid.pkg.KidsTest" time="0">
    <skipped/>
  </testcase>
  <testcase name="addToCart" classname="springtek.kid.pkg.KidsTest" time="0">
    <skipped/>
  </testcase>
  <testcase name="beforeM" classname="springtek.kid.pkg.KidsTest" time="0">
    <skipped/>
  </testcase>
  <testcase name="beforeM" classname="springtek.kid.pkg.KidsTest" time="0">
    <skipped/>
  </testcase>
  <testcase name="bookFoldChair" classname="springtek.kid.pkg.KidsTest" time="0">
    <skipped message="Element &lt;a id=&quot;btngotocheckout&quot; href=&quot;/checkout&quot;&gt; is not clickable at point (1350,524) because another element &lt;iframe id=&quot;w5br5ffs3dj41659529269167&quot; class=&quot;&quot; src=&quot;about:blank&quot;&gt; obscures it&#10;Build info: version: &apos;4.2.2&apos;, revision: &apos;683ccb65d6&apos;&#10;System info: host: &apos;LAPTOP-GO0JH4O6&apos;, ip: &apos;169.254.105.117&apos;, os.name: &apos;Windows 10&apos;, os.arch: &apos;amd64&apos;, os.version: &apos;10.0&apos;, java.version: &apos;1.8.0_202&apos;&#10;Driver info: org.openqa.selenium.firefox.FirefoxDriver&#10;Command: [d801830f-1f4c-4ca1-a293-7a975b3ef884, clickElement {id=12c4634a-d7b3-4c26-b830-d00a9efb4835}]&#10;Capabilities {acceptInsecureCerts: true, browserName: firefox, browserVersion: 103.0.1, moz:accessibilityChecks: false, moz:buildID: 20220729222726, moz:debuggerAddress: localhost:61713, moz:geckodriverVersion: 0.31.0, moz:headless: false, moz:platformVersion: 10.0, moz:processID: 20560, moz:profile: C:\Users\Lenovo\AppData\Loc..., moz:shutdownTimeout: 60000, moz:useNonSpecCompliantPointerOrigin: false, moz:webdriverClick: true, moz:windowless: false, pageLoadStrategy: normal, platformName: WINDOWS, proxy: Proxy(), se:cdp: ws://localhost:61713/devtoo..., se:cdpVersion: 85.0, setWindowRect: true, strictFileInteractability: false, timeouts: {implicit: 0, pageLoad: 300000, script: 30000}, unhandledPromptBehavior: dismiss and notify}&#10;Element: [[FirefoxDriver: firefox on WINDOWS (d801830f-1f4c-4ca1-a293-7a975b3ef884)] -&gt; id: btngotocheckout]&#10;Session ID: d801830f-1f4c-4ca1-a293-7a975b3ef884"/>
  </testcase>
  <testcase name="bookTv" classname="springtek.kid.pkg.KidsTest" time="0">
    <skipped message="Element &lt;a id=&quot;btngotocheckout&quot; href=&quot;/checkout&quot;&gt; is not clickable at point (1350,524) because another element &lt;iframe id=&quot;w5br5ffs3dj41659529269167&quot; class=&quot;&quot; src=&quot;about:blank&quot;&gt; obscures it&#10;Build info: version: &apos;4.2.2&apos;, revision: &apos;683ccb65d6&apos;&#10;System info: host: &apos;LAPTOP-GO0JH4O6&apos;, ip: &apos;169.254.105.117&apos;, os.name: &apos;Windows 10&apos;, os.arch: &apos;amd64&apos;, os.version: &apos;10.0&apos;, java.version: &apos;1.8.0_202&apos;&#10;Driver info: org.openqa.selenium.firefox.FirefoxDriver&#10;Command: [d801830f-1f4c-4ca1-a293-7a975b3ef884, clickElement {id=12c4634a-d7b3-4c26-b830-d00a9efb4835}]&#10;Capabilities {acceptInsecureCerts: true, browserName: firefox, browserVersion: 103.0.1, moz:accessibilityChecks: false, moz:buildID: 20220729222726, moz:debuggerAddress: localhost:61713, moz:geckodriverVersion: 0.31.0, moz:headless: false, moz:platformVersion: 10.0, moz:processID: 20560, moz:profile: C:\Users\Lenovo\AppData\Loc..., moz:shutdownTimeout: 60000, moz:useNonSpecCompliantPointerOrigin: false, moz:webdriverClick: true, moz:windowless: false, pageLoadStrategy: normal, platformName: WINDOWS, proxy: Proxy(), se:cdp: ws://localhost:61713/devtoo..., se:cdpVersion: 85.0, setWindowRect: true, strictFileInteractability: false, timeouts: {implicit: 0, pageLoad: 300000, script: 30000}, unhandledPromptBehavior: dismiss and notify}&#10;Element: [[FirefoxDriver: firefox on WINDOWS (d801830f-1f4c-4ca1-a293-7a975b3ef884)] -&gt; id: btngotocheckout]&#10;Session ID: d801830f-1f4c-4ca1-a293-7a975b3ef884"/>
  </testcase>
  <testcase name="closeBrowser" classname="springtek.kid.pkg.KidsTest" time="0">
    <skipped/>
  </testcase>
</testsuite>