<?xml version="1.0" encoding="UTF-8"?>
<!-- Generated by org.testng.reporters.JUnitXMLReporter -->
<testsuite hostname="LAPTOP-GO0JH4O6" ignored="0" name="Kids test" tests="2" failures="1" timestamp="2022-07-28T16:47:47 IST" time="45.512" errors="0">
  <testcase name="bookBedsheet" time="0.072" classname="testng.kids.pkg.KidsTest">
    <failure type="java.lang.NullPointerException">
      <![CDATA[java.lang.NullPointerException
at testng.kids.pkg.KidsTest.bookBedsheet(KidsTest.java:28)
at java.util.ArrayList.forEach(Unknown Source)
... Removed 27 stack frames]]>
    </failure>
  </testcase> <!-- bookBedsheet -->
  <testcase name="bookFoldChair" time="15.904" classname="testng.kids.pkg.KidsTest"/>
</testsuite> <!-- Kids test -->
