<?xml version="1.0" encoding="UTF-8"?>
<!-- Generated by org.testng.reporters.JUnitXMLReporter -->
<testsuite hostname="LAPTOP-GO0JH4O6" ignored="0" name="Single one" tests="3" failures="0" timestamp="2022-08-03T17:51:53 IST" time="105.08" errors="0">
  <testcase name="@AfterMethod addToCart" time="47.509" classname="springtek.kid.pkg.KidsTest">
    <failure type="org.openqa.selenium.ElementClickInterceptedException" message="Element &amp;lt;a id=&amp;quot;btngotocheckout&amp;quot; href=&amp;quot;/checkout&amp;quot;&amp;gt; is not clickable at point (1350,524) because another element &amp;lt;iframe id=&amp;quot;w5br5ffs3dj41659529269167&amp;quot; class=&amp;quot;&amp;quot; src=&amp;quot;about:blank&amp;quot;&amp;gt; obscures it
Build info: version: &amp;apos;4.2.2&amp;apos;, revision: &amp;apos;683ccb65d6&amp;apos;
System info: host: &amp;apos;LAPTOP-GO0JH4O6&amp;apos;, ip: &amp;apos;169.254.105.117&amp;apos;, os.name: &amp;apos;Windows 10&amp;apos;, os.arch: &amp;apos;amd64&amp;apos;, os.version: &amp;apos;10.0&amp;apos;, java.version: &amp;apos;1.8.0_202&amp;apos;
Driver info: org.openqa.selenium.firefox.FirefoxDriver
Command: [d801830f-1f4c-4ca1-a293-7a975b3ef884, clickElement {id=12c4634a-d7b3-4c26-b830-d00a9efb4835}]
Capabilities {acceptInsecureCerts: true, browserName: firefox, browserVersion: 103.0.1, moz:accessibilityChecks: false, moz:buildID: 20220729222726, moz:debuggerAddress: localhost:61713, moz:geckodriverVersion: 0.31.0, moz:headless: false, moz:platformVersion: 10.0, moz:processID: 20560, moz:profile: C:\Users\Lenovo\AppData\Loc..., moz:shutdownTimeout: 60000, moz:useNonSpecCompliantPointerOrigin: false, moz:webdriverClick: true, moz:windowless: false, pageLoadStrategy: normal, platformName: WINDOWS, proxy: Proxy(), se:cdp: ws://localhost:61713/devtoo..., se:cdpVersion: 85.0, setWindowRect: true, strictFileInteractability: false, timeouts: {implicit: 0, pageLoad: 300000, script: 30000}, unhandledPromptBehavior: dismiss and notify}
Element: [[FirefoxDriver: firefox on WINDOWS (d801830f-1f4c-4ca1-a293-7a975b3ef884)] -&amp;gt; id: btngotocheckout]
Session ID: d801830f-1f4c-4ca1-a293-7a975b3ef884">
      <![CDATA[org.openqa.selenium.ElementClickInterceptedException: Element <a id="btngotocheckout" href="/checkout"> is not clickable at point (1350,524) because another element <iframe id="w5br5ffs3dj41659529269167" class="" src="about:blank"> obscures it
Build info: version: '4.2.2', revision: '683ccb65d6'
System info: host: 'LAPTOP-GO0JH4O6', ip: '169.254.105.117', os.name: 'Windows 10', os.arch: 'amd64', os.version: '10.0', java.version: '1.8.0_202'
Driver info: org.openqa.selenium.firefox.FirefoxDriver
Command: [d801830f-1f4c-4ca1-a293-7a975b3ef884, clickElement {id=12c4634a-d7b3-4c26-b830-d00a9efb4835}]
Capabilities {acceptInsecureCerts: true, browserName: firefox, browserVersion: 103.0.1, moz:accessibilityChecks: false, moz:buildID: 20220729222726, moz:debuggerAddress: localhost:61713, moz:geckodriverVersion: 0.31.0, moz:headless: false, moz:platformVersion: 10.0, moz:processID: 20560, moz:profile: C:\Users\Lenovo\AppData\Loc..., moz:shutdownTimeout: 60000, moz:useNonSpecCompliantPointerOrigin: false, moz:webdriverClick: true, moz:windowless: false, pageLoadStrategy: normal, platformName: WINDOWS, proxy: Proxy(), se:cdp: ws://localhost:61713/devtoo..., se:cdpVersion: 85.0, setWindowRect: true, strictFileInteractability: false, timeouts: {implicit: 0, pageLoad: 300000, script: 30000}, unhandledPromptBehavior: dismiss and notify}
Element: [[FirefoxDriver: firefox on WINDOWS (d801830f-1f4c-4ca1-a293-7a975b3ef884)] -> id: btngotocheckout]
Session ID: d801830f-1f4c-4ca1-a293-7a975b3ef884
at org.openqa.selenium.remote.codec.w3c.W3CHttpResponseCodec.createException(W3CHttpResponseCodec.java:200)
at org.openqa.selenium.remote.codec.w3c.W3CHttpResponseCodec.decode(W3CHttpResponseCodec.java:133)
at org.openqa.selenium.remote.codec.w3c.W3CHttpResponseCodec.decode(W3CHttpResponseCodec.java:53)
at org.openqa.selenium.remote.HttpCommandExecutor.execute(HttpCommandExecutor.java:184)
at org.openqa.selenium.remote.service.DriverCommandExecutor.invokeExecute(DriverCommandExecutor.java:167)
at org.openqa.selenium.remote.service.DriverCommandExecutor.execute(DriverCommandExecutor.java:142)
at org.openqa.selenium.remote.RemoteWebDriver.execute(RemoteWebDriver.java:588)
at org.openqa.selenium.remote.RemoteWebElement.execute(RemoteWebElement.java:257)
at org.openqa.selenium.remote.RemoteWebElement.click(RemoteWebElement.java:78)
at spingtek.addtocart.AddToCart.addToCart(AddToCart.java:95)
at springtek.kid.pkg.KidsTest.addToCart(KidsTest.java:154)
at java.util.ArrayList.forEach(ArrayList.java:1257)
... Removed 40 stack frames]]>
    </failure>
  </testcase> <!-- @AfterMethod addToCart -->
  <testcase name="@BeforeMethod beforeM" time="-1.659529313306E9" classname="springtek.kid.pkg.KidsTest">
    <skipped/>
  </testcase> <!-- @BeforeMethod beforeM -->
  <testcase name="@AfterMethod addToCart" time="-1.659529313307E9" classname="springtek.kid.pkg.KidsTest">
    <skipped/>
  </testcase> <!-- @AfterMethod addToCart -->
  <testcase name="@BeforeMethod beforeM" time="-1.659529313308E9" classname="springtek.kid.pkg.KidsTest">
    <skipped/>
  </testcase> <!-- @BeforeMethod beforeM -->
  <testcase name="@AfterMethod addToCart" time="-1.659529313308E9" classname="springtek.kid.pkg.KidsTest">
    <skipped/>
  </testcase> <!-- @AfterMethod addToCart -->
  <testcase name="@AfterTest closeBrowser" time="-1.659529313308E9" classname="springtek.kid.pkg.KidsTest">
    <skipped/>
  </testcase> <!-- @AfterTest closeBrowser -->
  <testcase name="bookChairs" time="25.679" classname="springtek.kid.pkg.KidsTest"/>
  <testcase name="bookFoldChair" time="0.0" classname="springtek.kid.pkg.KidsTest">
    <skipped/>
  </testcase> <!-- bookFoldChair -->
  <testcase name="bookTv" time="0.0" classname="springtek.kid.pkg.KidsTest">
    <skipped/>
  </testcase> <!-- bookTv -->
</testsuite> <!-- Single one -->
