<?xml version="1.0" encoding="UTF-8"?>
<testng-results skipped="0" failed="0" ignored="0" total="3" passed="3">
  <reporter-output>
  </reporter-output>
  <suite name="Default suite" duration-ms="357268" started-at="2022-08-03T15:37:08 IST" finished-at="2022-08-03T15:43:05 IST">
    <groups>
    </groups>
    <test name="Default test" duration-ms="357268" started-at="2022-08-03T15:37:08 IST" finished-at="2022-08-03T15:43:05 IST">
      <class name="springtek.kid.pkg.KidsTest">
        <test-method status="PASS" signature="beforeClass()[pri:0, instance:springtek.kid.pkg.KidsTest@3578436e]" name="beforeClass" is-config="true" duration-ms="36221" started-at="2022-08-03T15:37:08 IST" finished-at="2022-08-03T15:37:44 IST">
          <reporter-output>
          </reporter-output>
        </test-method> <!-- beforeClass -->
        <test-method status="PASS" signature="beforeM()[pri:0, instance:springtek.kid.pkg.KidsTest@3578436e]" name="beforeM" is-config="true" duration-ms="2129" started-at="2022-08-03T15:37:44 IST" finished-at="2022-08-03T15:37:47 IST">
          <reporter-output>
          </reporter-output>
        </test-method> <!-- beforeM -->
        <test-method status="PASS" signature="bookChairs()[pri:1, instance:springtek.kid.pkg.KidsTest@3578436e]" name="bookChairs" duration-ms="32434" started-at="2022-08-03T15:37:47 IST" finished-at="2022-08-03T15:38:19 IST">
          <reporter-output>
          </reporter-output>
        </test-method> <!-- bookChairs -->
        <test-method status="PASS" signature="addToCart()[pri:0, instance:springtek.kid.pkg.KidsTest@3578436e]" name="addToCart" is-config="true" duration-ms="100885" started-at="2022-08-03T15:38:19 IST" finished-at="2022-08-03T15:40:00 IST">
          <reporter-output>
          </reporter-output>
        </test-method> <!-- addToCart -->
        <test-method status="PASS" signature="beforeM()[pri:0, instance:springtek.kid.pkg.KidsTest@3578436e]" name="beforeM" is-config="true" duration-ms="3865" started-at="2022-08-03T15:40:00 IST" finished-at="2022-08-03T15:40:04 IST">
          <reporter-output>
          </reporter-output>
        </test-method> <!-- beforeM -->
        <test-method status="PASS" signature="bookFoldChair()[pri:2, instance:springtek.kid.pkg.KidsTest@3578436e]" name="bookFoldChair" duration-ms="7917" started-at="2022-08-03T15:40:04 IST" finished-at="2022-08-03T15:40:12 IST">
          <reporter-output>
          </reporter-output>
        </test-method> <!-- bookFoldChair -->
        <test-method status="PASS" signature="addToCart()[pri:0, instance:springtek.kid.pkg.KidsTest@3578436e]" name="addToCart" is-config="true" duration-ms="93611" started-at="2022-08-03T15:40:12 IST" finished-at="2022-08-03T15:41:45 IST">
          <reporter-output>
          </reporter-output>
        </test-method> <!-- addToCart -->
        <test-method status="PASS" signature="beforeM()[pri:0, instance:springtek.kid.pkg.KidsTest@3578436e]" name="beforeM" is-config="true" duration-ms="3795" started-at="2022-08-03T15:41:45 IST" finished-at="2022-08-03T15:41:49 IST">
          <reporter-output>
          </reporter-output>
        </test-method> <!-- beforeM -->
        <test-method status="PASS" signature="bookTv()[pri:3, instance:springtek.kid.pkg.KidsTest@3578436e]" name="bookTv" duration-ms="8263" started-at="2022-08-03T15:41:49 IST" finished-at="2022-08-03T15:41:57 IST">
          <reporter-output>
          </reporter-output>
        </test-method> <!-- bookTv -->
        <test-method status="PASS" signature="addToCart()[pri:0, instance:springtek.kid.pkg.KidsTest@3578436e]" name="addToCart" is-config="true" duration-ms="53086" started-at="2022-08-03T15:41:57 IST" finished-at="2022-08-03T15:42:50 IST">
          <reporter-output>
          </reporter-output>
        </test-method> <!-- addToCart -->
        <test-method status="FAIL" signature="closeBrowser()[pri:0, instance:springtek.kid.pkg.KidsTest@3578436e]" name="closeBrowser" is-config="true" duration-ms="15019" started-at="2022-08-03T15:42:50 IST" finished-at="2022-08-03T15:43:05 IST">
          <exception class="org.openqa.selenium.NoSuchElementException">
            <message>
              <![CDATA[Unable to locate element: /html/body/header/div[2]/div[1]/a/img
For documentation on this error, please visit: https://selenium.dev/exceptions/#no_such_element
Build info: version: '4.2.2', revision: '683ccb65d6'
System info: host: 'LAPTOP-GO0JH4O6', ip: '169.254.105.117', os.name: 'Windows 10', os.arch: 'amd64', os.version: '10.0', java.version: '1.8.0_311'
Driver info: org.openqa.selenium.firefox.FirefoxDriver
Command: [7837b655-3dda-4658-9a78-68a4695b1269, findElement {using=xpath, value=/html/body/header/div[2]/div[1]/a/img}]
Capabilities {acceptInsecureCerts: true, browserName: firefox, browserVersion: 103.0.1, moz:accessibilityChecks: false, moz:buildID: 20220729222726, moz:debuggerAddress: localhost:50914, moz:geckodriverVersion: 0.31.0, moz:headless: false, moz:platformVersion: 10.0, moz:processID: 10484, moz:profile: C:\Users\Lenovo\AppData\Loc..., moz:shutdownTimeout: 60000, moz:useNonSpecCompliantPointerOrigin: false, moz:webdriverClick: true, moz:windowless: false, pageLoadStrategy: normal, platformName: WINDOWS, proxy: Proxy(), se:cdp: ws://localhost:50914/devtoo..., se:cdpVersion: 85.0, setWindowRect: true, strictFileInteractability: false, timeouts: {implicit: 0, pageLoad: 300000, script: 30000}, unhandledPromptBehavior: dismiss and notify}
Session ID: 7837b655-3dda-4658-9a78-68a4695b1269]]>
            </message>
            <full-stacktrace>
              <![CDATA[org.openqa.selenium.NoSuchElementException: Unable to locate element: /html/body/header/div[2]/div[1]/a/img
For documentation on this error, please visit: https://selenium.dev/exceptions/#no_such_element
Build info: version: '4.2.2', revision: '683ccb65d6'
System info: host: 'LAPTOP-GO0JH4O6', ip: '169.254.105.117', os.name: 'Windows 10', os.arch: 'amd64', os.version: '10.0', java.version: '1.8.0_311'
Driver info: org.openqa.selenium.firefox.FirefoxDriver
Command: [7837b655-3dda-4658-9a78-68a4695b1269, findElement {using=xpath, value=/html/body/header/div[2]/div[1]/a/img}]
Capabilities {acceptInsecureCerts: true, browserName: firefox, browserVersion: 103.0.1, moz:accessibilityChecks: false, moz:buildID: 20220729222726, moz:debuggerAddress: localhost:50914, moz:geckodriverVersion: 0.31.0, moz:headless: false, moz:platformVersion: 10.0, moz:processID: 10484, moz:profile: C:\Users\Lenovo\AppData\Loc..., moz:shutdownTimeout: 60000, moz:useNonSpecCompliantPointerOrigin: false, moz:webdriverClick: true, moz:windowless: false, pageLoadStrategy: normal, platformName: WINDOWS, proxy: Proxy(), se:cdp: ws://localhost:50914/devtoo..., se:cdpVersion: 85.0, setWindowRect: true, strictFileInteractability: false, timeouts: {implicit: 0, pageLoad: 300000, script: 30000}, unhandledPromptBehavior: dismiss and notify}
Session ID: 7837b655-3dda-4658-9a78-68a4695b1269
at sun.reflect.NativeConstructorAccessorImpl.newInstance0(Native Method)
at sun.reflect.NativeConstructorAccessorImpl.newInstance(Unknown Source)
at sun.reflect.DelegatingConstructorAccessorImpl.newInstance(Unknown Source)
at java.lang.reflect.Constructor.newInstance(Unknown Source)
at org.openqa.selenium.remote.codec.w3c.W3CHttpResponseCodec.createException(W3CHttpResponseCodec.java:200)
at org.openqa.selenium.remote.codec.w3c.W3CHttpResponseCodec.decode(W3CHttpResponseCodec.java:133)
at org.openqa.selenium.remote.codec.w3c.W3CHttpResponseCodec.decode(W3CHttpResponseCodec.java:53)
at org.openqa.selenium.remote.HttpCommandExecutor.execute(HttpCommandExecutor.java:184)
at org.openqa.selenium.remote.service.DriverCommandExecutor.invokeExecute(DriverCommandExecutor.java:167)
at org.openqa.selenium.remote.service.DriverCommandExecutor.execute(DriverCommandExecutor.java:142)
at org.openqa.selenium.remote.RemoteWebDriver.execute(RemoteWebDriver.java:588)
at org.openqa.selenium.remote.ElementLocation$ElementFinder$2.findElement(ElementLocation.java:162)
at org.openqa.selenium.remote.ElementLocation.findElement(ElementLocation.java:60)
at org.openqa.selenium.remote.RemoteWebDriver.findElement(RemoteWebDriver.java:406)
at org.openqa.selenium.remote.RemoteWebDriver.findElement(RemoteWebDriver.java:398)
at spingtek.addtocart.SearchRepository.mainLogo(SearchRepository.java:153)
at springtek.kid.pkg.KidsTest.closeBrowser(KidsTest.java:129)
at sun.reflect.NativeMethodAccessorImpl.invoke0(Native Method)
at sun.reflect.NativeMethodAccessorImpl.invoke(Unknown Source)
at sun.reflect.DelegatingMethodAccessorImpl.invoke(Unknown Source)
at java.lang.reflect.Method.invoke(Unknown Source)
at org.testng.internal.MethodInvocationHelper.invokeMethod(MethodInvocationHelper.java:133)
at org.testng.internal.MethodInvocationHelper.invokeMethodConsideringTimeout(MethodInvocationHelper.java:62)
at org.testng.internal.ConfigInvoker.invokeConfigurationMethod(ConfigInvoker.java:385)
at org.testng.internal.ConfigInvoker.invokeConfigurations(ConfigInvoker.java:321)
at org.testng.TestRunner.invokeTestConfigurations(TestRunner.java:637)
at org.testng.TestRunner.afterRun(TestRunner.java:877)
at org.testng.TestRunner.run(TestRunner.java:599)
at org.testng.SuiteRunner.runTest(SuiteRunner.java:377)
at org.testng.SuiteRunner.runSequentially(SuiteRunner.java:371)
at org.testng.SuiteRunner.privateRun(SuiteRunner.java:332)
at org.testng.SuiteRunner.run(SuiteRunner.java:276)
at org.testng.SuiteRunnerWorker.runSuite(SuiteRunnerWorker.java:53)
at org.testng.SuiteRunnerWorker.run(SuiteRunnerWorker.java:96)
at org.testng.TestNG.runSuitesSequentially(TestNG.java:1212)
at org.testng.TestNG.runSuitesLocally(TestNG.java:1134)
at org.testng.TestNG.runSuites(TestNG.java:1063)
at org.testng.TestNG.run(TestNG.java:1031)
at org.testng.remote.AbstractRemoteTestNG.run(AbstractRemoteTestNG.java:115)
at org.testng.remote.RemoteTestNG.initAndRun(RemoteTestNG.java:251)
at org.testng.remote.RemoteTestNG.main(RemoteTestNG.java:77)
]]>
            </full-stacktrace>
          </exception> <!-- org.openqa.selenium.NoSuchElementException -->
          <reporter-output>
          </reporter-output>
        </test-method> <!-- closeBrowser -->
      </class> <!-- springtek.kid.pkg.KidsTest -->
    </test> <!-- Default test -->
  </suite> <!-- Default suite -->
</testng-results>
